<?xml version="1.0" encoding="UTF-8"?>
<testsuite name="com.browny.pringboot.docker.demo.SpringbootDockerDemoApplicationTests" tests="1" skipped="0" failures="0" errors="0" timestamp="2021-02-09T01:55:28" hostname="USREMWFH1Q0S8H2" time="0.479">
  <properties/>
  <testcase name="contextLoads()" classname="com.browny.pringboot.docker.demo.SpringbootDockerDemoApplicationTests" time="0.479"/>
  <system-out><![CDATA[19:55:24.102 [Test worker] DEBUG org.springframework.test.context.BootstrapUtils - Instantiating CacheAwareContextLoaderDelegate from class [org.springframework.test.context.cache.DefaultCacheAwareContextLoaderDelegate]
19:55:24.131 [Test worker] DEBUG org.springframework.test.context.BootstrapUtils - Instantiating BootstrapContext using constructor [public org.springframework.test.context.support.DefaultBootstrapContext(java.lang.Class,org.springframework.test.context.CacheAwareContextLoaderDelegate)]
19:55:24.181 [Test worker] DEBUG org.springframework.test.context.BootstrapUtils - Instantiating TestContextBootstrapper for test class [com.browny.pringboot.docker.demo.SpringbootDockerDemoApplicationTests] from class [org.springframework.boot.test.context.SpringBootTestContextBootstrapper]
19:55:24.195 [Test worker] INFO org.springframework.boot.test.context.SpringBootTestContextBootstrapper - Neither @ContextConfiguration nor @ContextHierarchy found for test class [com.browny.pringboot.docker.demo.SpringbootDockerDemoApplicationTests], using SpringBootContextLoader
19:55:24.200 [Test worker] DEBUG org.springframework.test.context.support.AbstractContextLoader - Did not detect default resource location for test class [com.browny.pringboot.docker.demo.SpringbootDockerDemoApplicationTests]: class path resource [com/browny/pringboot/docker/demo/SpringbootDockerDemoApplicationTests-context.xml] does not exist
19:55:24.200 [Test worker] DEBUG org.springframework.test.context.support.AbstractContextLoader - Did not detect default resource location for test class [com.browny.pringboot.docker.demo.SpringbootDockerDemoApplicationTests]: class path resource [com/browny/pringboot/docker/demo/SpringbootDockerDemoApplicationTestsContext.groovy] does not exist
19:55:24.201 [Test worker] INFO org.springframework.test.context.support.AbstractContextLoader - Could not detect default resource locations for test class [com.browny.pringboot.docker.demo.SpringbootDockerDemoApplicationTests]: no resource found for suffixes {-context.xml, Context.groovy}.
19:55:24.202 [Test worker] INFO org.springframework.test.context.support.AnnotationConfigContextLoaderUtils - Could not detect default configuration classes for test class [com.browny.pringboot.docker.demo.SpringbootDockerDemoApplicationTests]: SpringbootDockerDemoApplicationTests does not declare any static, non-private, non-final, nested classes annotated with @Configuration.
19:55:24.266 [Test worker] DEBUG org.springframework.test.context.support.ActiveProfilesUtils - Could not find an 'annotation declaring class' for annotation type [org.springframework.test.context.ActiveProfiles] and class [com.browny.pringboot.docker.demo.SpringbootDockerDemoApplicationTests]
19:55:24.401 [Test worker] DEBUG org.springframework.context.annotation.ClassPathScanningCandidateComponentProvider - Identified candidate component class: file [C:\Users\214356\projects\SpringBoot\docker1\springboot-docker-demo\build\classes\java\main\com\browny\pringboot\docker\demo\SpringbootDockerDemoApplication.class]
19:55:24.404 [Test worker] INFO org.springframework.boot.test.context.SpringBootTestContextBootstrapper - Found @SpringBootConfiguration com.browny.pringboot.docker.demo.SpringbootDockerDemoApplication for test class com.browny.pringboot.docker.demo.SpringbootDockerDemoApplicationTests
19:55:24.627 [Test worker] DEBUG org.springframework.boot.test.context.SpringBootTestContextBootstrapper - @TestExecutionListeners is not present for class [com.browny.pringboot.docker.demo.SpringbootDockerDemoApplicationTests]: using defaults.
19:55:24.628 [Test worker] INFO org.springframework.boot.test.context.SpringBootTestContextBootstrapper - Loaded default TestExecutionListener class names from location [META-INF/spring.factories]: [org.springframework.boot.test.autoconfigure.restdocs.RestDocsTestExecutionListener, org.springframework.boot.test.autoconfigure.web.client.MockRestServiceServerResetTestExecutionListener, org.springframework.boot.test.autoconfigure.web.servlet.MockMvcPrintOnlyOnFailureTestExecutionListener, org.springframework.boot.test.autoconfigure.web.servlet.WebDriverTestExecutionListener, org.springframework.boot.test.autoconfigure.webservices.client.MockWebServiceServerTestExecutionListener, org.springframework.boot.test.mock.mockito.MockitoTestExecutionListener, org.springframework.boot.test.mock.mockito.ResetMocksTestExecutionListener, org.springframework.test.context.web.ServletTestExecutionListener, org.springframework.test.context.support.DirtiesContextBeforeModesTestExecutionListener, org.springframework.test.context.event.ApplicationEventsTestExecutionListener, org.springframework.test.context.support.DependencyInjectionTestExecutionListener, org.springframework.test.context.support.DirtiesContextTestExecutionListener, org.springframework.test.context.transaction.TransactionalTestExecutionListener, org.springframework.test.context.jdbc.SqlScriptsTestExecutionListener, org.springframework.test.context.event.EventPublishingTestExecutionListener]
19:55:24.645 [Test worker] DEBUG org.springframework.boot.test.context.SpringBootTestContextBootstrapper - Skipping candidate TestExecutionListener [org.springframework.test.context.transaction.TransactionalTestExecutionListener] due to a missing dependency. Specify custom listener classes or make the default listener classes and their required dependencies available. Offending class: [org/springframework/transaction/interceptor/TransactionAttributeSource]
19:55:24.646 [Test worker] DEBUG org.springframework.boot.test.context.SpringBootTestContextBootstrapper - Skipping candidate TestExecutionListener [org.springframework.test.context.jdbc.SqlScriptsTestExecutionListener] due to a missing dependency. Specify custom listener classes or make the default listener classes and their required dependencies available. Offending class: [org/springframework/transaction/interceptor/TransactionAttribute]
19:55:24.647 [Test worker] INFO org.springframework.boot.test.context.SpringBootTestContextBootstrapper - Using TestExecutionListeners: [org.springframework.test.context.web.ServletTestExecutionListener@38a9847, org.springframework.test.context.support.DirtiesContextBeforeModesTestExecutionListener@51f3714e, org.springframework.test.context.event.ApplicationEventsTestExecutionListener@ccb798, org.springframework.boot.test.mock.mockito.MockitoTestExecutionListener@160e937b, org.springframework.boot.test.autoconfigure.SpringBootDependencyInjectionTestExecutionListener@4191695d, org.springframework.test.context.support.DirtiesContextTestExecutionListener@b221920, org.springframework.test.context.event.EventPublishingTestExecutionListener@6e370fab, org.springframework.boot.test.autoconfigure.restdocs.RestDocsTestExecutionListener@c40cc5d, org.springframework.boot.test.autoconfigure.web.client.MockRestServiceServerResetTestExecutionListener@46519709, org.springframework.boot.test.autoconfigure.web.servlet.MockMvcPrintOnlyOnFailureTestExecutionListener@5d217dfa, org.springframework.boot.test.autoconfigure.web.servlet.WebDriverTestExecutionListener@b3d6ba2, org.springframework.boot.test.autoconfigure.webservices.client.MockWebServiceServerTestExecutionListener@1156cbc, org.springframework.boot.test.mock.mockito.ResetMocksTestExecutionListener@4bb65a48]
19:55:24.652 [Test worker] DEBUG org.springframework.test.context.support.AbstractDirtiesContextTestExecutionListener - Before test class: context [DefaultTestContext@7154c6c6 testClass = SpringbootDockerDemoApplicationTests, testInstance = [null], testMethod = [null], testException = [null], mergedContextConfiguration = [WebMergedContextConfiguration@5daba749 testClass = SpringbootDockerDemoApplicationTests, locations = '{}', classes = '{class com.browny.pringboot.docker.demo.SpringbootDockerDemoApplication}', contextInitializerClasses = '[]', activeProfiles = '{}', propertySourceLocations = '{}', propertySourceProperties = '{org.springframework.boot.test.context.SpringBootTestContextBootstrapper=true}', contextCustomizers = set[org.springframework.boot.test.autoconfigure.actuate.metrics.MetricsExportContextCustomizerFactory$DisableMetricExportContextCustomizer@77622fdf, org.springframework.boot.test.autoconfigure.properties.PropertyMappingContextCustomizer@0, org.springframework.boot.test.autoconfigure.web.servlet.WebDriverContextCustomizerFactory$Customizer@165e238d, org.springframework.boot.test.context.filter.ExcludeFilterContextCustomizer@22b42074, org.springframework.boot.test.json.DuplicateJsonObjectContextCustomizerFactory$DuplicateJsonObjectContextCustomizer@5b453953, org.springframework.boot.test.mock.mockito.MockitoContextCustomizer@0, org.springframework.boot.test.web.client.TestRestTemplateContextCustomizer@14b94c89, org.springframework.boot.test.context.SpringBootTestArgs@1, org.springframework.boot.test.context.SpringBootTestWebEnvironment@35378048], resourceBasePath = 'src/main/webapp', contextLoader = 'org.springframework.boot.test.context.SpringBootContextLoader', parent = [null]], attributes = map['org.springframework.test.context.web.ServletTestExecutionListener.activateListener' -> true]], class annotated with @DirtiesContext [false] with mode [null].
19:55:24.723 [Test worker] DEBUG org.springframework.test.context.support.TestPropertySourceUtils - Adding inlined properties to environment: {spring.jmx.enabled=false, org.springframework.boot.test.context.SpringBootTestContextBootstrapper=true}

  .   ____          _            __ _ _
 /\\ / ___'_ __ _ _(_)_ __  __ _ \ \ \ \
( ( )\___ | '_ | '_| | '_ \/ _` | \ \ \ \
 \\/  ___)| |_)| | | | | || (_| |  ) ) ) )
  '  |____| .__|_| |_|_| |_\__, | / / / /
 =========|_|==============|___/=/_/_/_/
 :: Spring Boot ::                (v2.4.2)

2021-02-08 19:55:25.140  INFO 11972 --- [    Test worker] d.d.SpringbootDockerDemoApplicationTests : Starting SpringbootDockerDemoApplicationTests using Java 15.0.1 on USREMWFH1Q0S8H2 with PID 11972 (started by 214356 in C:\Users\214356\projects\SpringBoot\docker1\springboot-docker-demo)
2021-02-08 19:55:25.147  INFO 11972 --- [    Test worker] d.d.SpringbootDockerDemoApplicationTests : No active profile set, falling back to default profiles: default
2021-02-08 19:55:27.582  INFO 11972 --- [    Test worker] o.s.s.concurrent.ThreadPoolTaskExecutor  : Initializing ExecutorService 'applicationTaskExecutor'
2021-02-08 19:55:28.196  INFO 11972 --- [    Test worker] o.s.b.a.e.web.EndpointLinksResolver      : Exposing 2 endpoint(s) beneath base path '/actuator'
2021-02-08 19:55:28.261  INFO 11972 --- [    Test worker] d.d.SpringbootDockerDemoApplicationTests : Started SpringbootDockerDemoApplicationTests in 3.526 seconds (JVM running for 5.206)
]]></system-out>
  <system-err><![CDATA[]]></system-err>
</testsuite>
